<?xml version="1.0" encoding="UTF-8"?>
<testng-results ignored="0" total="1" passed="1" failed="0" skipped="0">
  <reporter-output>
  </reporter-output>
  <suite started-at="2025-06-04T13:56:22 IST" name="Suite" finished-at="2025-06-04T13:56:33 IST" duration-ms="10927">
    <groups>
    </groups>
    <test started-at="2025-06-04T13:56:22 IST" name="Test" finished-at="2025-06-04T13:56:33 IST" duration-ms="10927">
      <class name="tests.SmokeTest">
        <test-method is-config="true" signature="setup()[pri:0, instance:tests.SmokeTest@4f83df68]" started-at="2025-06-04T13:56:22 IST" name="setup" finished-at="2025-06-04T13:56:32 IST" duration-ms="10570" status="PASS">
          <reporter-output>
          </reporter-output>
        </test-method> <!-- setup -->
        <test-method signature="openapplication()[pri:0, instance:tests.SmokeTest@4f83df68]" started-at="2025-06-04T13:56:32 IST" name="openapplication" finished-at="2025-06-04T13:56:32 IST" duration-ms="27" status="PASS">
          <reporter-output>
          </reporter-output>
        </test-method> <!-- openapplication -->
        <test-method is-config="true" signature="tearup()[pri:0, instance:tests.SmokeTest@4f83df68]" started-at="2025-06-04T13:56:32 IST" name="tearup" finished-at="2025-06-04T13:56:33 IST" duration-ms="204" status="PASS">
          <reporter-output>
          </reporter-output>
        </test-method> <!-- tearup -->
      </class> <!-- tests.SmokeTest -->
    </test> <!-- Test -->
  </suite> <!-- Suite -->
</testng-results>
